{"uuid":"3ad5fc8d-016b-4362-8cb8-39ce118a1a76","historyId":"6009345662e1b176469f831ba3b7fbb","testCaseId":"[engine:cucumber]/[feature:file%3A%2FUsers%2Flennyesquivel%2FIdeaProjects%2Fpltsci%2Fsrc%2Ftest%2Fjava%2Forg%2Fexample%2Ffeatures%2FSimpleTests.feature]/[scenario:64]","testCaseName":"Missing parameters in request body","labels":[{"name":"junit.platform.uniqueid","value":"[engine:cucumber]/[feature:file%3A%2FUsers%2Flennyesquivel%2FIdeaProjects%2Fpltsci%2Fsrc%2Ftest%2Fjava%2Forg%2Fexample%2Ffeatures%2FSimpleTests.feature]/[scenario:64]"},{"name":"host","value":"Lennys-MacBook-Pro.local"},{"name":"thread","value":"4294@Lennys-MacBook-Pro.local.main(1)"},{"name":"framework","value":"junit-platform"},{"name":"language","value":"java"}],"links":[],"name":"Missing parameters in request body","status":"failed","statusDetails":{"known":false,"muted":false,"flaky":false,"message":"java.lang.AssertionError","trace":"java.lang.AssertionError\n\tat org.junit.Assert.fail(Assert.java:87)\n\tat org.junit.Assert.assertTrue(Assert.java:42)\n\tat org.junit.Assert.assertTrue(Assert.java:53)\n\tat org.example.steps.TestSteps.checkResponseCode(TestSteps.java:101)\n\tat âœ½.Response has \"error\" code(file:///Users/lennyesquivel/IdeaProjects/pltsci/src/test/java/org/example/features/SimpleTests.feature:74)\n"},"stage":"finished","description":"","steps":[],"attachments":[],"parameters":[],"start":1679940801499,"stop":1679940801511}